# Log file generated by
#
#   './configure --disable-hardening'
#

***** Checking environment *****
Determined build machine: linux.x86, target machine: linux.x86


***** Checking kBuild *****
found


***** Checking gcc *****
found version 4.7


***** Checking Open Watcom *****
** Open Watcom was not found!

***** Checking iasl *****
found version 20100528


***** Checking xslt *****
found


***** Checking mkisofs *****
found genisoimage 1.1.11 (Linux)


***** Checking pthread *****
compiling the following source file:
#include <cstdio>
#include <pthread.h>
extern "C" int main(void)
{
  pthread_mutex_t mutex;
  if (pthread_mutex_init(&mutex, NULL)) {
    printf("pthread_mutex_init() failed\n");
    return 1;
  }
  if (pthread_mutex_lock(&mutex)) {
    printf("pthread_mutex_lock() failed\n");
    return 1;
  }
  if (pthread_mutex_unlock(&mutex)) {
    printf("pthread_mutex_unlock() failed\n");
    return 1;
  }
  printf("found, OK.\n");
}
using the following command line:
g++  -g -O -Wall -o /home/derketzer/vboxhsm/vbox/.tmp_out /home/derketzer/vboxhsm/vbox/.tmp_src.cc "-lpthread"
executing the binary
found, OK.


***** Checking libxml2 *****
compiling the following source file:
#include <cstdio>
#include <libxml/xmlversion.h>
extern "C" int main(void)
{
  printf("found version %s", LIBXML_DOTTED_VERSION);
#if LIBXML_VERSION >= 20626
  printf(", OK.\n");
  return 0;
#else
  printf(", expected version 2.6.26 or higher\n");
  return 1;
#endif
}
using the following command line:
g++  -g -O -Wall -o /home/derketzer/vboxhsm/vbox/.tmp_out /home/derketzer/vboxhsm/vbox/.tmp_src.cc "-lxml2   -lpthread -I/usr/include/libxml2"
executing the binary
found version 2.8.0, OK.


***** Checking libIDL *****
found version 0.8.14


***** Checking ssl *****
compiling the following source file:
#include <cstdio>
#include <openssl/opensslv.h>
#include <openssl/ssl.h>
extern "C" int main(void)
{
  printf("found version %s", OPENSSL_VERSION_TEXT);
  SSL_library_init();
#if OPENSSL_VERSION_NUMBER >= 0x00908000
  printf(", OK.\n");
  return 0;
#else
  printf(", expected version 0.9.8 or higher\n");
  return 1;
#endif
}
using the following command line:
g++  -g -O -Wall -o /home/derketzer/vboxhsm/vbox/.tmp_out /home/derketzer/vboxhsm/vbox/.tmp_src.cc " -lssl -lcrypto"
executing the binary
found version OpenSSL 1.0.1c 10 May 2012, OK.


***** Checking libcurl *****
compiling the following source file:
#include <cstdio>
#include <curl/curl.h>
extern "C" int main(void)
{
  printf("found version %s", LIBCURL_VERSION);
#if 10000*LIBCURL_VERSION_MAJOR + 100*LIBCURL_VERSION_MINOR + LIBCURL_VERSION_PATCH >= 71901
  printf(", OK.\n");
  return 0;
#else
  printf(", expected version 7.19.1 or higher\n");
  return 1;
#endif
}
using the following command line:
g++  -g -O -Wall -o /home/derketzer/vboxhsm/vbox/.tmp_out /home/derketzer/vboxhsm/vbox/.tmp_src.cc "-lcurl "
executing the binary
found version 7.27.0, OK.


***** Checking libvpx *****
compiling the following source file:
#include <cstdio>
#include <vpx/vpx_codec.h>
extern "C" int main(void)
{
  int version = vpx_codec_version();
  int verMajor = VPX_VERSION_MAJOR(version);
  int verMinor = VPX_VERSION_MINOR(version);
  int verPatch = VPX_VERSION_PATCH(version);
  printf("found version %d.%d.%d", verMajor, verMinor, verPatch);
  if (verMajor == 1 && verMinor >= 0)
  {
      printf(", OK.\n");
      return 0;
  }
  else
  {
      printf(", expected version 1.0.0 or higher\n");
      return 1;
   }
}
using the following command line:
g++  -g -O -Wall -o /home/derketzer/vboxhsm/vbox/.tmp_out /home/derketzer/vboxhsm/vbox/.tmp_src.cc "-lvpx   "
executing the binary
found version 1.1.0, OK.


***** Checking zlib *****
compiling the following source file:
#include <cstdio>
#include <zlib.h>
extern "C" int main(void)
{
  printf("found version %s", ZLIB_VERSION);
#if ZLIB_VERNUM >= 0x1210
  printf(", OK.\n");
  return 0;
#else
  printf(", expected version 1.2.1 or higher\n");
  return 1;
#endif
}
using the following command line:
g++  -g -O -Wall -o /home/derketzer/vboxhsm/vbox/.tmp_out /home/derketzer/vboxhsm/vbox/.tmp_src.cc "-lz "
executing the binary
found version 1.2.7, OK.


***** Checking libpng *****
compiling the following source file:
#include <cstdio>
#include <png.h>
extern "C" int main(void)
{
  printf("found version %s", PNG_LIBPNG_VER_STRING);
#if PNG_LIBPNG_VER >= 10205
  printf(", OK.\n");
  return 0;
#else
  printf(", expected version 1.2.5 or higher\n");
  return 1;
#endif
}
using the following command line:
g++  -g -O -Wall -o /home/derketzer/vboxhsm/vbox/.tmp_out /home/derketzer/vboxhsm/vbox/.tmp_src.cc "-lpng "
executing the binary
found version 1.2.49, OK.


***** Checking SDL *****
compiling the following source file:
#include <cstdio>
#include <SDL.h>
#include <SDL_main.h>
#undef main
extern "C" int main(int argc, char** argv)
{
  printf("found version %d.%d.%d",
         SDL_MAJOR_VERSION, SDL_MINOR_VERSION, SDL_PATCHLEVEL);
#if SDL_VERSION_ATLEAST(1,2,7)
  printf(", OK.\n");
  return 0;
#else
  printf(", expected version 1.2.7 or higher\n");
  return 1;
#endif
}
using the following command line:
g++  -g -O -Wall -o /home/derketzer/vboxhsm/vbox/.tmp_out /home/derketzer/vboxhsm/vbox/.tmp_src.cc "-L/usr/lib/i386-linux-gnu -lSDL  -I/usr/include/SDL "
executing the binary
found version 1.2.15, OK.


***** Checking X libraries *****
compiling the following source file:
#include <cstdio>
#include <X11/Xlib.h>
extern "C" int main(void)
{
  Display *dpy;
  int scrn_num;
  Screen *scrn;
  Window win;

  dpy      = XOpenDisplay(NULL);
  scrn_num = DefaultScreen(dpy);
  scrn     = ScreenOfDisplay(dpy, scrn_num);
  win      = XCreateWindow(dpy, RootWindowOfScreen(scrn), 0, 0, 100, 100,
                           0, 16, InputOutput, CopyFromParent, 0, NULL);
  XDestroyWindow(dpy, win);
  XCloseDisplay(dpy);
}
using the following command line:
g++  -g -O -Wall -o /home/derketzer/vboxhsm/vbox/.tmp_out /home/derketzer/vboxhsm/vbox/.tmp_src.cc "-L/usr/X11R6/lib -L/usr/X11R6/lib64 -L/usr/local/lib -lXext -lX11 -I/usr/local/include"
found


***** Checking Xcursor *****
compiling the following source file:
#include <cstdio>
#include <X11/Xlib.h>
#include <X11/Xcursor/Xcursor.h>
extern "C" int main(void)
{
  XcursorImage *cursor = XcursorImageCreate (10, 10);
  XcursorImageDestroy(cursor);
  return 0;
}
using the following command line:
g++  -g -O -Wall -o /home/derketzer/vboxhsm/vbox/.tmp_out /home/derketzer/vboxhsm/vbox/.tmp_src.cc "-L/usr/X11R6/lib -L/usr/X11R6/lib64 -L/usr/local/lib -lXext -lX11 -lXcursor -I/usr/local/include"
found


***** Checking Xinerama *****
compiling the following source file:
#include <X11/Xlib.h>
#include <X11/extensions/Xinerama.h>
extern "C" int main(void)
{
  Display *dpy;
  Bool flag;
  dpy = XOpenDisplay(NULL);
  if (dpy)
  {
    flag = XineramaIsActive(dpy);
    XCloseDisplay(dpy);
  }
}
using the following command line:
g++  -g -O -Wall -o /home/derketzer/vboxhsm/vbox/.tmp_out /home/derketzer/vboxhsm/vbox/.tmp_src.cc "-L/usr/X11R6/lib -L/usr/X11R6/lib64 -L/usr/local/lib -lXext -lX11 -lXinerama -I/usr/local/include"
/home/derketzer/vboxhsm/vbox/.tmp_src.cc: In function 'int main()':
/home/derketzer/vboxhsm/vbox/.tmp_src.cc:6:8: warning: variable 'flag' set but not used [-Wunused-but-set-variable]
found


***** Checking Xrandr *****
compiling the following source file:
#include <X11/Xlib.h>
#include <X11/extensions/Xrandr.h>
extern "C" int main(void)
{
  Display *dpy;
  Bool flag;
  int major, minor;
  dpy = XOpenDisplay(NULL);
  if (dpy)
  {
    flag = XRRQueryVersion(dpy, &major, &minor);
    XCloseDisplay(dpy);
  }
}
using the following command line:
g++  -g -O -Wall -o /home/derketzer/vboxhsm/vbox/.tmp_out /home/derketzer/vboxhsm/vbox/.tmp_src.cc "-L/usr/X11R6/lib -L/usr/X11R6/lib64 -L/usr/local/lib -lXext -lX11 -lXrandr -I/usr/local/include"
/home/derketzer/vboxhsm/vbox/.tmp_src.cc: In function 'int main()':
/home/derketzer/vboxhsm/vbox/.tmp_src.cc:6:8: warning: variable 'flag' set but not used [-Wunused-but-set-variable]
found


***** Checking Xmu *****
compiling the following source file:
#include <cstdio>
#include <X11/Xatom.h>
#include <X11/Xlib.h>
#include <X11/Xutil.h>
#include <X11/Xmu/StdCmap.h>
extern "C" int main(void)
{
  Display *dpy;
  int scrn_num;
  Screen *scrn;

  dpy = XOpenDisplay(NULL);
  if (dpy)
  {
    scrn_num = DefaultScreen(dpy);
    scrn     = ScreenOfDisplay(dpy, scrn_num);
    Status status = XmuLookupStandardColormap(dpy, RootWindowOfScreen(scrn), 0,
                    24, XA_RGB_DEFAULT_MAP, False, True);
    printf("Status = %x\n", status);
    XCloseDisplay(dpy);
  }
  return 0;
}
using the following command line:
g++  -g -O -Wall -o /home/derketzer/vboxhsm/vbox/.tmp_out /home/derketzer/vboxhsm/vbox/.tmp_src.cc "-L/usr/X11R6/lib -L/usr/X11R6/lib64 -L/usr/local/lib -lXext -lX11 -lXmu -I/usr/local/include"
found


***** Checking Mesa / GLU *****
compiling the following source file:
#include <cstdio>
#include <X11/Xlib.h>
#include <GL/glx.h>
#include <GL/glu.h>
extern "C" int main(void)
{
  Display *dpy;
  int major, minor;

  dpy = XOpenDisplay(NULL);
  if (dpy)
  {
    Bool glx_version = glXQueryVersion(dpy, &major, &minor);
    XCloseDisplay(dpy);
    if (glx_version)
    {
      printf("found version %u.%u, OK.\n", major, minor);
      return 0;
    }
  }
  printf("found (inactive), OK.\n");
  return 0;
}
using the following command line:
g++  -g -O -Wall -o /home/derketzer/vboxhsm/vbox/.tmp_out /home/derketzer/vboxhsm/vbox/.tmp_src.cc "-L/usr/X11R6/lib -L/usr/X11R6/lib64 -L/usr/local/lib -lXext -lX11 -lGL -I/usr/local/include"
executing the binary
found version 1.4, OK.


***** Checking Qt4 *****
compiling the following source file:
#include <cstdio>
#include <QtGlobal>
extern "C" int main(void)
{
  printf("found version %s", QT_VERSION_STR);
#if QT_VERSION >= 0x040602
  printf(", OK.\n");
  return 0;
#else
  printf(", expected version 4.6.2 or higher\n");
  return 1;
#endif
}
using the following command line:
g++  -g -O -Wall -o /home/derketzer/vboxhsm/vbox/.tmp_out /home/derketzer/vboxhsm/vbox/.tmp_src.cc "-L/usr/lib/i386-linux-gnu -lQtCore   -lpthread -I/usr/include/qt4 -I/usr/include/qt4/QtCore -DQT_SHARED -I/usr/include/qt4 -I/usr/include/qt4/QtCore  "
executing the binary (LD_LIBRARY_PATH=/usr/lib/i386-linux-gnu)
found version 4.8.3, OK.


***** Checking Qt4 devtools *****
found version 4.8.3


***** Checking Python support *****
compiling the following source file:
#include <cstdio>
#include <Python.h>
extern "C" int main(void)
{
  Py_Initialize();
  printf("found version %s", PY_VERSION);
#if PY_VERSION_HEX >= 0x02030000
  printf(", OK.\n");
  return 0;
#else
  printf(", expected version 2.3 or higher\n");
  return 1;
#endif
}
using the following command line:
g++ -O -Wall -o /home/derketzer/vboxhsm/vbox/.tmp_out /home/derketzer/vboxhsm/vbox/.tmp_src.cc -I/usr/include/python2.7 /usr/lib/x86_64-linux-gnu/libpython2.7.so
g++: error: /usr/lib/x86_64-linux-gnu/libpython2.7.so: No such file or directory
compiling the following source file:
#include <cstdio>
#include <Python.h>
extern "C" int main(void)
{
  Py_Initialize();
  printf("found version %s", PY_VERSION);
#if PY_VERSION_HEX >= 0x02030000
  printf(", OK.\n");
  return 0;
#else
  printf(", expected version 2.3 or higher\n");
  return 1;
#endif
}
using the following command line:
g++ -O -Wall -o /home/derketzer/vboxhsm/vbox/.tmp_out /home/derketzer/vboxhsm/vbox/.tmp_src.cc -I/usr/include/python2.7 /usr/lib/i386-linux-gnu/libpython2.7.so
g++: error: /usr/lib/i386-linux-gnu/libpython2.7.so: No such file or directory
compiling the following source file:
#include <cstdio>
#include <Python.h>
extern "C" int main(void)
{
  Py_Initialize();
  printf("found version %s", PY_VERSION);
#if PY_VERSION_HEX >= 0x02030000
  printf(", OK.\n");
  return 0;
#else
  printf(", expected version 2.3 or higher\n");
  return 1;
#endif
}
using the following command line:
g++ -O -Wall -o /home/derketzer/vboxhsm/vbox/.tmp_out /home/derketzer/vboxhsm/vbox/.tmp_src.cc -I/usr/include/python2.7 /usr/lib64/libpython2.7.so
g++: error: /usr/lib64/libpython2.7.so: No such file or directory
compiling the following source file:
#include <cstdio>
#include <Python.h>
extern "C" int main(void)
{
  Py_Initialize();
  printf("found version %s", PY_VERSION);
#if PY_VERSION_HEX >= 0x02030000
  printf(", OK.\n");
  return 0;
#else
  printf(", expected version 2.3 or higher\n");
  return 1;
#endif
}
using the following command line:
g++ -O -Wall -o /home/derketzer/vboxhsm/vbox/.tmp_out /home/derketzer/vboxhsm/vbox/.tmp_src.cc -I/usr/include/python2.7 /usr/lib/64/libpython2.7.so
g++: error: /usr/lib/64/libpython2.7.so: No such file or directory
compiling the following source file:
#include <cstdio>
#include <Python.h>
extern "C" int main(void)
{
  Py_Initialize();
  printf("found version %s", PY_VERSION);
#if PY_VERSION_HEX >= 0x02030000
  printf(", OK.\n");
  return 0;
#else
  printf(", expected version 2.3 or higher\n");
  return 1;
#endif
}
using the following command line:
g++ -O -Wall -o /home/derketzer/vboxhsm/vbox/.tmp_out /home/derketzer/vboxhsm/vbox/.tmp_src.cc -I/usr/include/python2.7 /usr/lib/libpython2.7.so
In file included from /usr/include/python2.7/Python.h:8:0,
                 from /home/derketzer/vboxhsm/vbox/.tmp_src.cc:2:
/usr/include/python2.7/pyconfig.h:1161:0: warning: "_POSIX_C_SOURCE" redefined [enabled by default]
In file included from /usr/include/c++/4.7/i686-linux-gnu/bits/os_defines.h:40:0,
                 from /usr/include/c++/4.7/i686-linux-gnu/bits/c++config.h:414,
                 from /usr/include/c++/4.7/cstdio:43,
                 from /home/derketzer/vboxhsm/vbox/.tmp_src.cc:1:
/usr/include/features.h:164:0: note: this is the location of the previous definition
In file included from /usr/include/python2.7/Python.h:8:0,
                 from /home/derketzer/vboxhsm/vbox/.tmp_src.cc:2:
/usr/include/python2.7/pyconfig.h:1183:0: warning: "_XOPEN_SOURCE" redefined [enabled by default]
In file included from /usr/include/c++/4.7/i686-linux-gnu/bits/os_defines.h:40:0,
                 from /usr/include/c++/4.7/i686-linux-gnu/bits/c++config.h:414,
                 from /usr/include/c++/4.7/cstdio:43,
                 from /home/derketzer/vboxhsm/vbox/.tmp_src.cc:1:
/usr/include/features.h:166:0: note: this is the location of the previous definition
executing the binary
found version 2.7.3, OK.


***** Checking Java support *****



***** Checking PulseAudio *****
compiling the following source file:
#include <cstdio>
#include <pulse/version.h>
extern "C" int main(void)
{
  printf("found version %s API version %d", pa_get_headers_version(), PA_API_VERSION);
#if PA_API_VERSION >= 9
  printf(", OK.\n");
  return 0;
#else
  printf(", expected version 0.9.0 (API version 9) or higher\n");
  return 1;
#endif
}
using the following command line:
g++  -g -O -Wall -o /home/derketzer/vboxhsm/vbox/.tmp_out /home/derketzer/vboxhsm/vbox/.tmp_src.cc "  -lpulse"
executing the binary
found version 2.1.0 API version 12, OK.


***** Checking static stc++ library *****
compiling the following source file:
#include <string>

extern "C" int main(void)
{
  std::string s = "test";
  return 0;
}
using the following command line:
g++  -g -O -Wall -o /home/derketzer/vboxhsm/vbox/.tmp_out /home/derketzer/vboxhsm/vbox/.tmp_src.cc "/usr/lib/gcc/i686-linux-gnu/4.7/libstdc++.a"
found


***** Checking Linux kernel sources *****
compiling the following source file:
#include <linux/version.h>
int printf(const char *format, ...);
int main(void)
{
  printf("found version %d.%d.%d",  LINUX_VERSION_CODE / 65536,
                                   (LINUX_VERSION_CODE % 65536) / 256,
                                    LINUX_VERSION_CODE          % 256);
#if LINUX_VERSION_CODE > KERNEL_VERSION(2,4,0)
  printf(", OK.\n");
  return 0;
#else
  printf(", expected version 2.4.0 or higher\n");
  return 1;
#endif
}
using the following command line:
gcc -O -Wall -o /home/derketzer/vboxhsm/vbox/.tmp_out /home/derketzer/vboxhsm/vbox/.tmp_src.c -nostdinc -I/lib/modules/3.5.0-27-generic/build/include  -I/lib/modules/3.5.0-27-generic/build/include/generated/uapi
executing the binary
found version 3.5.7, OK.


***** Checking ALSA *****
compiling the following source file:
#include <cstdio>
#include <alsa/asoundlib.h>
extern "C" int main(void)
{
  printf("found version %d.%d.%d",
         SND_LIB_MAJOR, SND_LIB_MINOR, SND_LIB_SUBMINOR);
#if 10000*SND_LIB_MAJOR + 100*SND_LIB_MINOR + SND_LIB_SUBMINOR >= 10006
  printf(", OK.\n");
  return 0;
#else
  printf(", expected version 1.0.6 or higher\n");
  return 1;
#endif
}
using the following command line:
g++  -g -O -Wall -o /home/derketzer/vboxhsm/vbox/.tmp_out /home/derketzer/vboxhsm/vbox/.tmp_src.cc "-lasound"
executing the binary
found version 1.0.25, OK.


***** Checking libdevmapper *****
compiling the following source file:
#include <cstdio>
extern "C" {
#define private
#include <libdevmapper.h>
int main()
{
  char version[80];

  if (!dm_get_library_version(version, sizeof(version)))
  {
    printf("dm_get_library_version() failed.\n");
    return 1;
  }

  const char* v=version;
  unsigned int major = 0, minor = 0, micro = 0;

  for (; *v !='.' && *v != '\0'; v++) major = major*10 + *v-'0';
  if (*v == '.') v++;
  for (; *v !='.' && *v != '\0'; v++) minor = minor*10 + *v-'0';
  if (*v == '.') v++;
  for (; *v !='.' && *v != '\0'; v++) micro = micro*10 + *v-'0';

  printf("found version %s", version);
  if (major*10000 + minor*100 + micro >= 10200)
  {
    printf(", OK.\n");
    return 0;
  }
  else
  {
    printf(", expected version 1.02 or higher\n");
    return 1;
  }
}
}
using the following command line:
g++  -g -O -Wall -o /home/derketzer/vboxhsm/vbox/.tmp_out /home/derketzer/vboxhsm/vbox/.tmp_src.cc "-ldevmapper "
executing the binary
found version 1.02.74 (2012-03-06), OK.


***** Checking libcap library *****
compiling the following source file:
#include <cstdio>
#include <sys/types.h>
#include <linux/types.h>
#include <sys/capability.h>

extern "C" int main(void)
{
  char buf[1024];
  cap_t caps = cap_get_proc();
  snprintf(buf, sizeof(buf), "Current caps are '%s'\n", cap_to_text(caps, NULL));
  return 0;
}
using the following command line:
g++  -g -O -Wall -o /home/derketzer/vboxhsm/vbox/.tmp_out /home/derketzer/vboxhsm/vbox/.tmp_src.cc "-lcap"
executing the binary


found


***** Checking compiler.h *****
compiler.h not found


***** Checking makeself *****
found version 2.1.5


